<?xml version="1.0" encoding="UTF-8"?>
<testng-results ignored="0" total="1" passed="1" failed="0" skipped="0">
  <reporter-output>
  </reporter-output>
  <suite started-at="2018-12-29T15:09:50Z" name="Suite" finished-at="2018-12-29T15:09:56Z" duration-ms="5068">
    <groups>
    </groups>
    <test started-at="2018-12-29T15:09:50Z" name="Test" finished-at="2018-12-29T15:09:56Z" duration-ms="5068">
      <class name="com.Maven.HomeWork1">
        <test-method signature="main()[pri:0, instance:com.Maven.HomeWork1@24fcf36f]" started-at="2018-12-29T15:09:50Z" name="main" finished-at="2018-12-29T15:09:55Z" duration-ms="5031" status="PASS">
          <reporter-output>
          </reporter-output>
        </test-method> <!-- main -->
      </class> <!-- com.Maven.HomeWork1 -->
    </test> <!-- Test -->
  </suite> <!-- Suite -->
</testng-results>
