<?xml version="1.0" encoding="UTF-8"?>
<testng-results ignored="0" total="2" passed="2" failed="0" skipped="0">
  <reporter-output>
  </reporter-output>
  <suite started-at="2018-12-06T01:52:59Z" name="Suite" finished-at="2018-12-06T01:52:59Z" duration-ms="31">
    <groups>
    </groups>
    <test started-at="2018-12-06T01:52:59Z" name="Test" finished-at="2018-12-06T01:52:59Z" duration-ms="31">
      <class name="com.Maven.MavenFirstTest">
        <test-method signature="bye()[pri:0, instance:com.Maven.MavenFirstTest@48f278eb]" started-at="2018-12-06T01:52:59Z" name="bye" finished-at="2018-12-06T01:52:59Z" duration-ms="15" status="PASS">
          <reporter-output>
          </reporter-output>
        </test-method> <!-- bye -->
        <test-method signature="hello()[pri:0, instance:com.Maven.MavenFirstTest@48f278eb]" started-at="2018-12-06T01:52:59Z" name="hello" finished-at="2018-12-06T01:52:59Z" duration-ms="0" status="PASS">
          <reporter-output>
          </reporter-output>
        </test-method> <!-- hello -->
      </class> <!-- com.Maven.MavenFirstTest -->
    </test> <!-- Test -->
  </suite> <!-- Suite -->
</testng-results>
