<?xml version="1.0" encoding="UTF-8"?>
<testng-results ignored="0" total="1" passed="1" failed="0" skipped="0">
  <reporter-output>
  </reporter-output>
  <suite started-at="2018-12-29T15:08:37Z" name="Suite" finished-at="2018-12-29T15:08:43Z" duration-ms="6128">
    <groups>
    </groups>
    <test started-at="2018-12-29T15:08:37Z" name="Test" finished-at="2018-12-29T15:08:43Z" duration-ms="6128">
      <class name="com.Maven.HomeWork1">
        <test-method signature="main()[pri:0, instance:com.Maven.HomeWork1@4738a206]" started-at="2018-12-29T15:08:37Z" name="main" finished-at="2018-12-29T15:08:43Z" duration-ms="6071" status="PASS">
          <reporter-output>
          </reporter-output>
        </test-method> <!-- main -->
      </class> <!-- com.Maven.HomeWork1 -->
    </test> <!-- Test -->
  </suite> <!-- Suite -->
</testng-results>
